time 2017-10-30 20:40:00
[1509367816.0, 1509367835.0] [1509367816.0, 1509367835.0]
cover
time 2017-10-30 20:03:05
[1509367936.0, 1509367954.0] [1509367816.0, 1509367835.0]
time 2017-10-30 20:40:00
[1509368056.0, 1509368074.0] [1509367936.0, 1509367954.0]
[1509368176.0, 1509368195.0] [1509368056.0, 1509368074.0]
time 2017-10-30 20:50:00
[1509368296.0, 1509368315.0] [1509368176.0, 1509368195.0]
time 2017-10-30 20:50:00
[1509368416.0, 1509368434.0] [1509368296.0, 1509368315.0]
[1509368536.0, 1509368555.0] [1509368416.0, 1509368434.0]
time 2017-10-30 21:00:00
[1509368656.0, 1509368675.0] [1509368536.0, 1509368555.0]
[1509368776.0, 1509368795.0] [1509368656.0, 1509368675.0]
time 2017-10-30 21:00:00
[1509368896.0, 1509368915.0] [1509368776.0, 1509368795.0]
time 2017-10-30 21:00:00
[1509369016.0, 1509369035.0] [1509368896.0, 1509368915.0]
[1509369136.0, 1509369155.0] [1509369016.0, 1509369035.0]
time 2017-10-30 21:00:00
[1509369256.0, 1509369275.0] [1509369136.0, 1509369155.0]
[1509369376.0, 1509369395.0] [1509369256.0, 1509369275.0]
time 2017-10-30 21:10:00
[1509369496.0, 1509369515.0] [1509369376.0, 1509369395.0]
time 2017-10-30 21:10:00
[1509369616.0, 1509369635.0] [1509369496.0, 1509369515.0]
[1509369736.0, 1509369755.0] [1509369616.0, 1509369635.0]
time 2017-10-30 21:10:00
[1509369856.0, 1509369875.0] [1509369736.0, 1509369755.0]
[1509369976.0, 1509369995.0] [1509369856.0, 1509369875.0]
time 2017-10-30 21:20:00
[1509370096.0, 1509370115.0] [1509369976.0, 1509369995.0]
time 2017-10-30 21:20:00
[1509370216.0, 1509370235.0] [1509370096.0, 1509370115.0]
[1509370336.0, 1509370355.0] [1509370216.0, 1509370235.0]
time 2017-10-30 21:20:00
[1509370456.0, 1509370475.0] [1509370336.0, 1509370355.0]
[1509370576.0, 1509370595.0] [1509370456.0, 1509370475.0]
time 2017-10-30 21:20:00
[1509370696.0, 1509370715.0] [1509370576.0, 1509370595.0]
time 2017-10-30 21:30:00
[1509370816.0, 1509370834.0] [1509370696.0, 1509370715.0]
[1509370936.0, 1509370955.0] [1509370816.0, 1509370834.0]
time 2017-10-30 21:30:00
[1509371056.0, 1509371075.0] [1509370936.0, 1509370955.0]
[1509371176.0, 1509371195.0] [1509371056.0, 1509371075.0]
time 2017-10-30 21:40:00
[1509371296.0, 1509371315.0] [1509371176.0, 1509371195.0]
time 2017-10-30 21:40:00
[1509371416.0, 1509371435.0] [1509371296.0, 1509371315.0]
[1509371536.0, 1509371554.0] [1509371416.0, 1509371435.0]
time 2017-10-30 21:40:00
[1509371656.0, 1509371675.0] [1509371536.0, 1509371554.0]
[1509371776.0, 1509371795.0] [1509371656.0, 1509371675.0]
time 2017-10-30 21:50:00
[1509371896.0, 1509371915.0] [1509371776.0, 1509371795.0]
time 2017-10-30 21:50:00
[1509372016.0, 1509372035.0] [1509371896.0, 1509371915.0]
[1509372136.0, 1509372155.0] [1509372016.0, 1509372035.0]
time 2017-10-30 21:50:00
[1509372256.0, 1509372275.0] [1509372136.0, 1509372155.0]
[1509372376.0, 1509372395.0] [1509372256.0, 1509372275.0]
time 2017-10-30 22:00:00
[1509372496.0, 1509372514.0] [1509372376.0, 1509372395.0]
time 2017-10-30 22:00:00
[1509372616.0, 1509372634.0] [1509372496.0, 1509372514.0]
[1509372736.0, 1509372755.0] [1509372616.0, 1509372634.0]
time 2017-10-30 22:00:00
[1509372856.0, 1509372875.0] [1509372736.0, 1509372755.0]
[1509372976.0, 1509372994.0] [1509372856.0, 1509372875.0]
time 2017-10-30 22:10:00
[1509373096.0, 1509373115.0] [1509372976.0, 1509372994.0]
time 2017-10-30 22:10:00
[1509373216.0, 1509373234.0] [1509373096.0, 1509373115.0]
[1509373336.0, 1509373354.0] [1509373216.0, 1509373234.0]
time 2017-10-30 22:20:00
[1509373456.0, 1509373475.0] [1509373336.0, 1509373354.0]
[1509373576.0, 1509373594.0] [1509373456.0, 1509373475.0]
time 2017-10-30 22:20:00
[1509373696.0, 1509373715.0] [1509373576.0, 1509373594.0]
time 2017-10-30 22:20:00
[1509373816.0, 1509373835.0] [1509373696.0, 1509373715.0]
[1509373936.0, 1509373955.0] [1509373816.0, 1509373835.0]
time 2017-10-30 22:20:00
[1509374056.0, 1509374075.0] [1509373936.0, 1509373955.0]
[1509374176.0, 1509374195.0] [1509374056.0, 1509374075.0]
time 2017-10-30 22:30:00
[1509374296.0, 1509374315.0] [1509374176.0, 1509374195.0]
time 2017-10-30 22:30:00
[1509374416.0, 1509374435.0] [1509374296.0, 1509374315.0]
[1509374536.0, 1509374554.0] [1509374416.0, 1509374435.0]
time 2017-10-30 22:30:00
[1509374656.0, 1509374675.0] [1509374536.0, 1509374554.0]
[1509374776.0, 1509374795.0] [1509374656.0, 1509374675.0]
time 2017-10-30 22:40:00
[1509374896.0, 1509374915.0] [1509374776.0, 1509374795.0]
time 2017-10-30 22:40:00
[1509375016.0, 1509375035.0] [1509374896.0, 1509374915.0]
[1509375136.0, 1509375155.0] [1509375016.0, 1509375035.0]
time 2017-10-30 22:40:00
[1509375256.0, 1509375275.0] [1509375136.0, 1509375155.0]
[1509375376.0, 1509375395.0] [1509375256.0, 1509375275.0]
time 2017-10-30 22:50:00
[1509375496.0, 1509375514.0] [1509375376.0, 1509375395.0]
time 2017-10-30 22:50:00
[1509375616.0, 1509375634.0] [1509375496.0, 1509375514.0]
[1509375736.0, 1509375755.0] [1509375616.0, 1509375634.0]
time 2017-10-30 22:50:00
[1509375856.0, 1509375874.0] [1509375736.0, 1509375755.0]
[1509375976.0, 1509375995.0] [1509375856.0, 1509375874.0]
time 2017-10-30 23:00:00
[1509376096.0, 1509376115.0] [1509375976.0, 1509375995.0]
time 2017-10-30 23:00:00
[1509376216.0, 1509376235.0] [1509376096.0, 1509376115.0]
[1509376336.0, 1509376355.0] [1509376216.0, 1509376235.0]
time 2017-10-30 23:10:00
[1509376456.0, 1509376475.0] [1509376336.0, 1509376355.0]
[1509376576.0, 1509376595.0] [1509376456.0, 1509376475.0]
time 2017-10-30 23:10:00
[1509376696.0, 1509376715.0] [1509376576.0, 1509376595.0]
time 2017-10-30 23:10:00
[1509376816.0, 1509376835.0] [1509376696.0, 1509376715.0]
[1509376936.0, 1509376955.0] [1509376816.0, 1509376835.0]
time 2017-10-30 23:10:00
[1509377056.0, 1509377074.0] [1509376936.0, 1509376955.0]
[1509377176.0, 1509377195.0] [1509377056.0, 1509377074.0]
time 2017-10-30 23:20:00
[1509377296.0, 1509377315.0] [1509377176.0, 1509377195.0]
time 2017-10-30 23:20:00
[1509377416.0, 1509377434.0] [1509377296.0, 1509377315.0]
[1509377536.0, 1509377555.0] [1509377416.0, 1509377434.0]
time 2017-10-30 23:20:00
[1509377656.0, 1509377675.0] [1509377536.0, 1509377555.0]
[1509377776.0, 1509377795.0] [1509377656.0, 1509377675.0]
time 2017-10-30 23:30:00
[1509377896.0, 1509377915.0] [1509377776.0, 1509377795.0]
time 2017-10-30 23:30:00
[1509378016.0, 1509378035.0] [1509377896.0, 1509377915.0]
[1509378136.0, 1509378155.0] [1509378016.0, 1509378035.0]
time 2017-10-30 23:40:00
[1509378256.0, 1509378274.0] [1509378136.0, 1509378155.0]
[1509378376.0, 1509378395.0] [1509378256.0, 1509378274.0]
time 2017-10-30 23:40:00
[1509378496.0, 1509378515.0] [1509378376.0, 1509378395.0]
time 2017-10-30 23:40:00
[1509378616.0, 1509378635.0] [1509378496.0, 1509378515.0]
[1509378736.0, 1509378754.0] [1509378616.0, 1509378635.0]
time 2017-10-30 23:40:00
[1509378856.0, 1509378875.0] [1509378736.0, 1509378754.0]
[1509378976.0, 1509378995.0] [1509378856.0, 1509378875.0]
time 2017-10-30 23:50:00
[1509379096.0, 1509379115.0] [1509378976.0, 1509378995.0]
time 2017-10-30 23:50:00
[1509379216.0, 1509379235.0] [1509379096.0, 1509379115.0]
[1509379337.0, 1509379356.0] [1509379216.0, 1509379235.0]
time 2017-10-30 23:50:00
[1509379456.0, 1509379475.0] [1509379337.0, 1509379356.0]
[1509379576.0, 1509379595.0] [1509379456.0, 1509379475.0]
time 2017-10-31 00:00:00
[1509379696.0, 1509379715.0] [1509379576.0, 1509379595.0]
time 2017-10-31 00:00:00
[1509379816.0, 1509379835.0] [1509379696.0, 1509379715.0]
[1509379936.0, 1509379955.0] [1509379816.0, 1509379835.0]
time 2017-10-31 00:00:00
[1509380056.0, 1509380075.0] [1509379936.0, 1509379955.0]
[1509380176.0, 1509380202.0] [1509380056.0, 1509380075.0]
time 2017-10-31 00:10:00
[1509380296.0, 1509380314.0] [1509380176.0, 1509380202.0]
time 2017-10-31 00:10:00
[1509380416.0, 1509380435.0] [1509380296.0, 1509380314.0]
[1509380536.0, 1509380555.0] [1509380416.0, 1509380435.0]
time 2017-10-31 00:20:00
[1509380656.0, 1509380675.0] [1509380536.0, 1509380555.0]
[1509380776.0, 1509380795.0] [1509380656.0, 1509380675.0]
time 2017-10-31 00:20:00
[1509380896.0, 1509380914.0] [1509380776.0, 1509380795.0]
time 2017-10-31 00:20:00
[1509381016.0, 1509381035.0] [1509380896.0, 1509380914.0]
[1509381136.0, 1509381155.0] [1509381016.0, 1509381035.0]
time 2017-10-31 00:20:00
[1509381256.0, 1509381275.0] [1509381136.0, 1509381155.0]
[1509381376.0, 1509381395.0] [1509381256.0, 1509381275.0]
time 2017-10-31 00:30:00
[1509381496.0, 1509381515.0] [1509381376.0, 1509381395.0]
time 2017-10-31 00:30:00
[1509381616.0, 1509381635.0] [1509381496.0, 1509381515.0]
[1509381736.0, 1509381755.0] [1509381616.0, 1509381635.0]
time 2017-10-31 00:30:00
[1509381856.0, 1509381874.0] [1509381736.0, 1509381755.0]
[1509381976.0, 1509381995.0] [1509381856.0, 1509381874.0]
time 2017-10-31 00:40:00
[1509382096.0, 1509382115.0] [1509381976.0, 1509381995.0]
time 2017-10-31 00:40:00
[1509382216.0, 1509382235.0] [1509382096.0, 1509382115.0]
[1509382336.0, 1509382355.0] [1509382216.0, 1509382235.0]
time 2017-10-31 00:40:00
[1509382456.0, 1509382474.0] [1509382336.0, 1509382355.0]
[1509382576.0, 1509382595.0] [1509382456.0, 1509382474.0]
time 2017-10-31 00:50:00
[1509382696.0, 1509382715.0] [1509382576.0, 1509382595.0]
time 2017-10-31 00:50:00
[1509382816.0, 1509382848.0] [1509382696.0, 1509382715.0]
[1509382936.0, 1509382954.0] [1509382816.0, 1509382848.0]
time 2017-10-31 00:50:00
[1509383055.0, 1509383074.0] [1509382936.0, 1509382954.0]
[1509383176.0, 1509383195.0] [1509383055.0, 1509383074.0]
time 2017-10-31 01:00:00
[1509383296.0, 1509383315.0] [1509383176.0, 1509383195.0]
time 2017-10-31 01:00:00
[1509383416.0, 1509383435.0] [1509383296.0, 1509383315.0]
[1509383536.0, 1509383555.0] [1509383416.0, 1509383435.0]
time 2017-10-31 01:00:00
[1509383656.0, 1509383675.0] [1509383536.0, 1509383555.0]
[1509383776.0, 1509383795.0] [1509383656.0, 1509383675.0]
time 2017-10-31 01:10:00
[1509383896.0, 1509383914.0] [1509383776.0, 1509383795.0]
[1509384016.0, 1509384034.0] [1509383896.0, 1509383914.0]
time 2017-10-31 01:10:00
[1509384136.0, 1509384155.0] [1509384016.0, 1509384034.0]
time 2017-10-31 01:10:00
[1509384256.0, 1509384274.0] [1509384136.0, 1509384155.0]
[1509384376.0, 1509384395.0] [1509384256.0, 1509384274.0]
time 2017-10-31 01:20:00
[1509384496.0, 1509384515.0] [1509384376.0, 1509384395.0]
time 2017-10-31 01:20:00
[1509384616.0, 1509384635.0] [1509384496.0, 1509384515.0]
[1509384736.0, 1509384755.0] [1509384616.0, 1509384635.0]
time 2017-10-31 01:30:00
[1509384856.0, 1509384875.0] [1509384736.0, 1509384755.0]
[1509384976.0, 1509384995.0] [1509384856.0, 1509384875.0]
time 2017-10-31 01:30:00
[1509385096.0, 1509385115.0] [1509384976.0, 1509384995.0]
time 2017-10-31 01:30:00
[1509385216.0, 1509385234.0] [1509385096.0, 1509385115.0]
[1509385336.0, 1509385354.0] [1509385216.0, 1509385234.0]
time 2017-10-31 01:30:00
[1509385456.0, 1509385475.0] [1509385336.0, 1509385354.0]
[1509385576.0, 1509385594.0] [1509385456.0, 1509385475.0]
time 2017-10-31 01:40:00
[1509385696.0, 1509385715.0] [1509385576.0, 1509385594.0]
time 2017-10-31 01:40:00
[1509385816.0, 1509385835.0] [1509385696.0, 1509385715.0]
[1509385936.0, 1509385955.0] [1509385816.0, 1509385835.0]
time 2017-10-31 01:50:00
[1509386056.0, 1509386075.0] [1509385936.0, 1509385955.0]
[1509386176.0, 1509386195.0] [1509386056.0, 1509386075.0]
time 2017-10-31 01:50:00
[1509386296.0, 1509386315.0] [1509386176.0, 1509386195.0]
time 2017-10-31 01:50:00
[1509386296.0, 1509386315.0] [1509386296.0, 1509386315.0]
cover
[1509386296.0, 1509386315.0] [1509386296.0, 1509386315.0]
cover
time 2017-10-31 02:00:00
[1509386656.0, 1509386675.0] [1509386296.0, 1509386315.0]
[1509386776.0, 1509386795.0] [1509386656.0, 1509386675.0]
time 2017-10-31 02:00:00
[1509386896.0, 1509386915.0] [1509386776.0, 1509386795.0]
time 2017-10-31 02:00:00
[1509387016.0, 1509387035.0] [1509386896.0, 1509386915.0]
[1509387136.0, 1509387155.0] [1509387016.0, 1509387035.0]
time 2017-10-31 02:10:00
[1509387256.0, 1509387275.0] [1509387136.0, 1509387155.0]
[1509387376.0, 1509387395.0] [1509387256.0, 1509387275.0]
time 2017-10-31 02:10:00
[1509387496.0, 1509387515.0] [1509387376.0, 1509387395.0]
time 2017-10-31 02:10:00
[1509387616.0, 1509387635.0] [1509387496.0, 1509387515.0]
[1509387736.0, 1509387755.0] [1509387616.0, 1509387635.0]
time 2017-10-31 02:20:00
[1509387856.0, 1509387875.0] [1509387736.0, 1509387755.0]
[1509387976.0, 1509387995.0] [1509387856.0, 1509387875.0]
time 2017-10-31 02:20:00
[1509388096.0, 1509388115.0] [1509387976.0, 1509387995.0]
time 2017-10-31 02:20:00
[1509388216.0, 1509388235.0] [1509388096.0, 1509388115.0]
[1509388336.0, 1509388355.0] [1509388216.0, 1509388235.0]
time 2017-10-31 02:30:00
[1509388455.0, 1509388475.0] [1509388336.0, 1509388355.0]
[1509388576.0, 1509388595.0] [1509388455.0, 1509388475.0]
time 2017-10-31 02:30:00
[1509388696.0, 1509388715.0] [1509388576.0, 1509388595.0]
time 2017-10-31 02:30:00
[1509388816.0, 1509388835.0] [1509388696.0, 1509388715.0]
[1509388936.0, 1509388955.0] [1509388816.0, 1509388835.0]
time 2017-10-31 02:40:00
[1509389055.0, 1509389075.0] [1509388936.0, 1509388955.0]
[1509389175.0, 1509389195.0] [1509389055.0, 1509389075.0]
time 2017-10-31 02:40:00
[1509389295.0, 1509389315.0] [1509389175.0, 1509389195.0]
time 2017-10-31 02:40:00
[1509389416.0, 1509389435.0] [1509389295.0, 1509389315.0]
[1509389535.0, 1509389555.0] [1509389416.0, 1509389435.0]
time 2017-10-31 02:50:00
[1509389656.0, 1509389675.0] [1509389535.0, 1509389555.0]
[1509389776.0, 1509389795.0] [1509389656.0, 1509389675.0]
time 2017-10-31 02:50:00
[1509389896.0, 1509389915.0] [1509389776.0, 1509389795.0]
time 2017-10-31 02:50:00
[1509390016.0, 1509390035.0] [1509389896.0, 1509389915.0]
[1509390135.0, 1509390155.0] [1509390016.0, 1509390035.0]
time 2017-10-31 03:00:00
[1509390256.0, 1509390275.0] [1509390135.0, 1509390155.0]
[1509390375.0, 1509390395.0] [1509390256.0, 1509390275.0]
time 2017-10-31 03:00:00
[1509390495.0, 1509390515.0] [1509390375.0, 1509390395.0]
time 2017-10-31 03:00:00
[1509390615.0, 1509390635.0] [1509390495.0, 1509390515.0]
[1509390735.0, 1509390755.0] [1509390615.0, 1509390635.0]
time 2017-10-31 03:10:00
[1509390856.0, 1509390875.0] [1509390735.0, 1509390755.0]
[1509390975.0, 1509390995.0] [1509390856.0, 1509390875.0]
time 2017-10-31 03:10:00
[1509391095.0, 1509391115.0] [1509390975.0, 1509390995.0]
time 2017-10-31 03:10:00
[1509391215.0, 1509391235.0] [1509391095.0, 1509391115.0]
[1509391335.0, 1509391355.0] [1509391215.0, 1509391235.0]
time 2017-10-31 03:20:00
[1509391455.0, 1509391475.0] [1509391335.0, 1509391355.0]
[1509391575.0, 1509391595.0] [1509391455.0, 1509391475.0]
time 2017-10-31 03:20:00
[1509391695.0, 1509391715.0] [1509391575.0, 1509391595.0]
time 2017-10-31 03:20:00
[1509391816.0, 1509391835.0] [1509391695.0, 1509391715.0]
[1509391935.0, 1509391955.0] [1509391816.0, 1509391835.0]
time 2017-10-31 03:30:00
[1509392055.0, 1509392075.0] [1509391935.0, 1509391955.0]
[1509392176.0, 1509392195.0] [1509392055.0, 1509392075.0]
time 2017-10-31 03:30:00
[1509392295.0, 1509392315.0] [1509392176.0, 1509392195.0]
time 2017-10-31 03:30:00
[1509392415.0, 1509392435.0] [1509392295.0, 1509392315.0]
[1509392535.0, 1509392555.0] [1509392415.0, 1509392435.0]
time 2017-10-31 03:40:00
[1509392655.0, 1509392675.0] [1509392535.0, 1509392555.0]
[1509392775.0, 1509392795.0] [1509392655.0, 1509392675.0]
time 2017-10-31 03:40:00
[1509392895.0, 1509392915.0] [1509392775.0, 1509392795.0]
time 2017-10-31 03:40:00
[1509393015.0, 1509393035.0] [1509392895.0, 1509392915.0]
[1509393136.0, 1509393155.0] [1509393015.0, 1509393035.0]
time 2017-10-31 03:50:00
[1509393255.0, 1509393275.0] [1509393136.0, 1509393155.0]
[1509393375.0, 1509393395.0] [1509393255.0, 1509393275.0]
time 2017-10-31 03:50:00
[1509393495.0, 1509393515.0] [1509393375.0, 1509393395.0]
time 2017-10-31 03:50:00
[1509393615.0, 1509393635.0] [1509393495.0, 1509393515.0]
[1509393735.0, 1509393755.0] [1509393615.0, 1509393635.0]
time 2017-10-31 04:00:00
[1509393855.0, 1509393875.0] [1509393735.0, 1509393755.0]
[1509393975.0, 1509393995.0] [1509393855.0, 1509393875.0]
time 2017-10-31 04:00:00
[1509394095.0, 1509394115.0] [1509393975.0, 1509393995.0]
time 2017-10-31 04:00:00
[1509394215.0, 1509394235.0] [1509394095.0, 1509394115.0]
[1509394335.0, 1509394355.0] [1509394215.0, 1509394235.0]
time 2017-10-31 04:10:00
[1509394455.0, 1509394475.0] [1509394335.0, 1509394355.0]
[1509394576.0, 1509394595.0] [1509394455.0, 1509394475.0]
time 2017-10-31 04:10:00